<?xml version="1.0" encoding="UTF-8"?>
<coverage generated="1572544995222" clover="3.2.0">
  <project timestamp="1572544995222" name="All files">
    <metrics statements="37" coveredstatements="31" conditionals="16" coveredconditionals="8" methods="13" coveredmethods="12" elements="66" coveredelements="51" complexity="0" loc="37" ncloc="37" packages="2" files="6" classes="6"/>
    <package name="components.FlexBox">
      <metrics statements="27" coveredstatements="21" conditionals="16" coveredconditionals="8" methods="13" coveredmethods="12"/>
      <file name="Box.jsx" path="/home/local/GERU/marcelo.pastore/Desktop/PES/reactlist/src/components/FlexBox/Box.jsx">
        <metrics statements="3" coveredstatements="3" conditionals="0" coveredconditionals="0" methods="1" coveredmethods="1"/>
        <line num="6" count="1" type="stmt"/>
        <line num="19" count="3" type="stmt"/>
        <line num="35" count="1" type="stmt"/>
      </file>
      <file name="Flex.jsx" path="/home/local/GERU/marcelo.pastore/Desktop/PES/reactlist/src/components/FlexBox/Flex.jsx">
        <metrics statements="3" coveredstatements="3" conditionals="0" coveredconditionals="0" methods="1" coveredmethods="1"/>
        <line num="6" count="1" type="stmt"/>
        <line num="21" count="3" type="stmt"/>
        <line num="39" count="1" type="stmt"/>
      </file>
      <file name="index.jsx" path="/home/local/GERU/marcelo.pastore/Desktop/PES/reactlist/src/components/FlexBox/index.jsx">
        <metrics statements="0" coveredstatements="0" conditionals="0" coveredconditionals="0" methods="0" coveredmethods="0"/>
      </file>
      <file name="styles.js" path="/home/local/GERU/marcelo.pastore/Desktop/PES/reactlist/src/components/FlexBox/styles.js">
        <metrics statements="21" coveredstatements="15" conditionals="16" coveredconditionals="8" methods="11" coveredmethods="10"/>
        <line num="7" count="6" type="cond" truecount="1" falsecount="1"/>
        <line num="8" count="6" type="stmt"/>
        <line num="10" count="0" type="cond" truecount="0" falsecount="2"/>
        <line num="16" count="42" type="cond" truecount="1" falsecount="1"/>
        <line num="17" count="0" type="stmt"/>
        <line num="19" count="42" type="cond" truecount="1" falsecount="1"/>
        <line num="20" count="0" type="stmt"/>
        <line num="21" count="0" type="cond" truecount="0" falsecount="2"/>
        <line num="22" count="0" type="stmt"/>
        <line num="24" count="0" type="stmt"/>
        <line num="31" count="42" type="stmt"/>
        <line num="34" count="1" type="stmt"/>
        <line num="38" count="3" type="stmt"/>
        <line num="39" count="3" type="cond" truecount="2" falsecount="0"/>
        <line num="41" count="3" type="stmt"/>
        <line num="52" count="1" type="stmt"/>
        <line num="54" count="3" type="cond" truecount="2" falsecount="0"/>
        <line num="55" count="3" type="stmt"/>
        <line num="56" count="3" type="stmt"/>
        <line num="57" count="3" type="cond" truecount="1" falsecount="1"/>
        <line num="59" count="3" type="stmt"/>
      </file>
    </package>
    <package name="theme">
      <metrics statements="10" coveredstatements="10" conditionals="0" coveredconditionals="0" methods="0" coveredmethods="0"/>
      <file name="colors.js" path="/home/local/GERU/marcelo.pastore/Desktop/PES/reactlist/src/theme/colors.js">
        <metrics statements="3" coveredstatements="3" conditionals="0" coveredconditionals="0" methods="0" coveredmethods="0"/>
        <line num="3" count="1" type="stmt"/>
        <line num="20" count="1" type="stmt"/>
        <line num="37" count="1" type="stmt"/>
      </file>
      <file name="index.js" path="/home/local/GERU/marcelo.pastore/Desktop/PES/reactlist/src/theme/index.js">
        <metrics statements="7" coveredstatements="7" conditionals="0" coveredconditionals="0" methods="0" coveredmethods="0"/>
        <line num="6" count="1" type="stmt"/>
        <line num="10" count="1" type="stmt"/>
        <line num="15" count="1" type="stmt"/>
        <line num="23" count="1" type="stmt"/>
        <line num="34" count="1" type="stmt"/>
        <line num="47" count="1" type="stmt"/>
        <line num="54" count="1" type="stmt"/>
      </file>
    </package>
  </project>
</coverage>
