{"/home/local/GERU/marcelo.pastore/Desktop/PES/reactlist/src/components/FlexBox/Box.jsx": {"path":"/home/local/GERU/marcelo.pastore/Desktop/PES/reactlist/src/components/FlexBox/Box.jsx","statementMap":{"0":{"start":{"line":6,"column":12},"end":{"line":33,"column":1}},"1":{"start":{"line":19,"column":2},"end":{"line":32,"column":14}},"2":{"start":{"line":35,"column":0},"end":{"line":37,"column":2}}},"fnMap":{"0":{"name":"(anonymous_0)","decl":{"start":{"line":6,"column":12},"end":{"line":6,"column":13}},"loc":{"start":{"line":19,"column":2},"end":{"line":32,"column":14}},"line":19}},"branchMap":{},"s":{"0":1,"1":3,"2":1},"f":{"0":3},"b":{},"_coverageSchema":"43e27e138ebf9cfc5966b082cf9a028302ed4184","hash":"fd6f6ffe9b6afe7d884b091ecb8f18c59a51f6a3"}
,"/home/local/GERU/marcelo.pastore/Desktop/PES/reactlist/src/components/FlexBox/Flex.jsx": {"path":"/home/local/GERU/marcelo.pastore/Desktop/PES/reactlist/src/components/FlexBox/Flex.jsx","statementMap":{"0":{"start":{"line":6,"column":13},"end":{"line":37,"column":1}},"1":{"start":{"line":21,"column":2},"end":{"line":36,"column":15}},"2":{"start":{"line":39,"column":0},"end":{"line":41,"column":2}}},"fnMap":{"0":{"name":"(anonymous_0)","decl":{"start":{"line":6,"column":13},"end":{"line":6,"column":14}},"loc":{"start":{"line":21,"column":2},"end":{"line":36,"column":15}},"line":21}},"branchMap":{},"s":{"0":1,"1":3,"2":1},"f":{"0":3},"b":{},"_coverageSchema":"43e27e138ebf9cfc5966b082cf9a028302ed4184","hash":"21cc4096ad2a90fa39c1848f9afc8c9d227a8585"}
,"/home/local/GERU/marcelo.pastore/Desktop/PES/reactlist/src/components/FlexBox/index.jsx": {"path":"/home/local/GERU/marcelo.pastore/Desktop/PES/reactlist/src/components/FlexBox/index.jsx","statementMap":{},"fnMap":{},"branchMap":{},"s":{},"f":{},"b":{},"_coverageSchema":"43e27e138ebf9cfc5966b082cf9a028302ed4184","hash":"7664676431790dbd7693dec2fc9ab9dfca369daa"}
,"/home/local/GERU/marcelo.pastore/Desktop/PES/reactlist/src/components/FlexBox/styles.js": {"path":"/home/local/GERU/marcelo.pastore/Desktop/PES/reactlist/src/components/FlexBox/styles.js","statementMap":{"0":{"start":{"line":7,"column":2},"end":{"line":9,"column":3}},"1":{"start":{"line":8,"column":4},"end":{"line":8,"column":16}},"2":{"start":{"line":10,"column":2},"end":{"line":12,"column":15}},"3":{"start":{"line":16,"column":2},"end":{"line":18,"column":3}},"4":{"start":{"line":17,"column":4},"end":{"line":17,"column":32}},"5":{"start":{"line":19,"column":2},"end":{"line":30,"column":3}},"6":{"start":{"line":20,"column":4},"end":{"line":29,"column":17}},"7":{"start":{"line":21,"column":6},"end":{"line":23,"column":7}},"8":{"start":{"line":22,"column":8},"end":{"line":22,"column":38}},"9":{"start":{"line":24,"column":6},"end":{"line":28,"column":8}},"10":{"start":{"line":31,"column":2},"end":{"line":31,"column":14}},"11":{"start":{"line":34,"column":25},"end":{"line":50,"column":1}},"12":{"start":{"line":38,"column":26},"end":{"line":38,"column":53}},"13":{"start":{"line":39,"column":27},"end":{"line":39,"column":53}},"14":{"start":{"line":41,"column":15},"end":{"line":49,"column":12}},"15":{"start":{"line":52,"column":26},"end":{"line":68,"column":1}},"16":{"start":{"line":54,"column":31},"end":{"line":54,"column":58}},"17":{"start":{"line":55,"column":26},"end":{"line":55,"column":53}},"18":{"start":{"line":56,"column":28},"end":{"line":56,"column":44}},"19":{"start":{"line":57,"column":26},"end":{"line":57,"column":46}},"20":{"start":{"line":59,"column":15},"end":{"line":67,"column":12}}},"fnMap":{"0":{"name":"getMaxWidth","decl":{"start":{"line":6,"column":9},"end":{"line":6,"column":20}},"loc":{"start":{"line":6,"column":31},"end":{"line":13,"column":1}},"line":6},"1":{"name":"getMedia","decl":{"start":{"line":15,"column":9},"end":{"line":15,"column":17}},"loc":{"start":{"line":15,"column":31},"end":{"line":32,"column":1}},"line":15},"2":{"name":"(anonymous_2)","decl":{"start":{"line":20,"column":21},"end":{"line":20,"column":22}},"loc":{"start":{"line":20,"column":31},"end":{"line":29,"column":5}},"line":20},"3":{"name":"(anonymous_3)","decl":{"start":{"line":38,"column":15},"end":{"line":38,"column":16}},"loc":{"start":{"line":38,"column":26},"end":{"line":38,"column":53}},"line":38},"4":{"name":"(anonymous_4)","decl":{"start":{"line":39,"column":16},"end":{"line":39,"column":17}},"loc":{"start":{"line":39,"column":27},"end":{"line":39,"column":53}},"line":39},"5":{"name":"(anonymous_5)","decl":{"start":{"line":41,"column":4},"end":{"line":41,"column":5}},"loc":{"start":{"line":41,"column":15},"end":{"line":49,"column":12}},"line":41},"6":{"name":"(anonymous_6)","decl":{"start":{"line":54,"column":20},"end":{"line":54,"column":21}},"loc":{"start":{"line":54,"column":31},"end":{"line":54,"column":58}},"line":54},"7":{"name":"(anonymous_7)","decl":{"start":{"line":55,"column":15},"end":{"line":55,"column":16}},"loc":{"start":{"line":55,"column":26},"end":{"line":55,"column":53}},"line":55},"8":{"name":"(anonymous_8)","decl":{"start":{"line":56,"column":17},"end":{"line":56,"column":18}},"loc":{"start":{"line":56,"column":28},"end":{"line":56,"column":44}},"line":56},"9":{"name":"(anonymous_9)","decl":{"start":{"line":57,"column":15},"end":{"line":57,"column":16}},"loc":{"start":{"line":57,"column":26},"end":{"line":57,"column":46}},"line":57},"10":{"name":"(anonymous_10)","decl":{"start":{"line":59,"column":4},"end":{"line":59,"column":5}},"loc":{"start":{"line":59,"column":15},"end":{"line":67,"column":12}},"line":59}},"branchMap":{"0":{"loc":{"start":{"line":7,"column":2},"end":{"line":9,"column":3}},"type":"if","locations":[{"start":{"line":7,"column":2},"end":{"line":9,"column":3}},{"start":{"line":7,"column":2},"end":{"line":9,"column":3}}],"line":7},"1":{"loc":{"start":{"line":10,"column":9},"end":{"line":12,"column":14}},"type":"cond-expr","locations":[{"start":{"line":11,"column":6},"end":{"line":11,"column":33}},{"start":{"line":12,"column":6},"end":{"line":12,"column":14}}],"line":10},"2":{"loc":{"start":{"line":16,"column":2},"end":{"line":18,"column":3}},"type":"if","locations":[{"start":{"line":16,"column":2},"end":{"line":18,"column":3}},{"start":{"line":16,"column":2},"end":{"line":18,"column":3}}],"line":16},"3":{"loc":{"start":{"line":19,"column":2},"end":{"line":30,"column":3}},"type":"if","locations":[{"start":{"line":19,"column":2},"end":{"line":30,"column":3}},{"start":{"line":19,"column":2},"end":{"line":30,"column":3}}],"line":19},"4":{"loc":{"start":{"line":21,"column":6},"end":{"line":23,"column":7}},"type":"if","locations":[{"start":{"line":21,"column":6},"end":{"line":23,"column":7}},{"start":{"line":21,"column":6},"end":{"line":23,"column":7}}],"line":21},"5":{"loc":{"start":{"line":39,"column":27},"end":{"line":39,"column":53}},"type":"binary-expr","locations":[{"start":{"line":39,"column":27},"end":{"line":39,"column":42}},{"start":{"line":39,"column":46},"end":{"line":39,"column":53}}],"line":39},"6":{"loc":{"start":{"line":54,"column":31},"end":{"line":54,"column":58}},"type":"binary-expr","locations":[{"start":{"line":54,"column":31},"end":{"line":54,"column":46}},{"start":{"line":54,"column":50},"end":{"line":54,"column":58}}],"line":54},"7":{"loc":{"start":{"line":57,"column":26},"end":{"line":57,"column":46}},"type":"binary-expr","locations":[{"start":{"line":57,"column":26},"end":{"line":57,"column":36}},{"start":{"line":57,"column":40},"end":{"line":57,"column":46}}],"line":57}},"s":{"0":6,"1":6,"2":0,"3":42,"4":0,"5":42,"6":0,"7":0,"8":0,"9":0,"10":42,"11":1,"12":3,"13":3,"14":3,"15":1,"16":3,"17":3,"18":3,"19":3,"20":3},"f":{"0":6,"1":42,"2":0,"3":3,"4":3,"5":3,"6":3,"7":3,"8":3,"9":3,"10":3},"b":{"0":[6,0],"1":[0,0],"2":[0,42],"3":[0,42],"4":[0,0],"5":[3,3],"6":[3,3],"7":[3,0]},"_coverageSchema":"43e27e138ebf9cfc5966b082cf9a028302ed4184","hash":"006d55213a96358514cb72838e575d35f7317c6f"}
,"/home/local/GERU/marcelo.pastore/Desktop/PES/reactlist/src/theme/colors.js": {"path":"/home/local/GERU/marcelo.pastore/Desktop/PES/reactlist/src/theme/colors.js","statementMap":{"0":{"start":{"line":3,"column":13},"end":{"line":18,"column":1}},"1":{"start":{"line":20,"column":15},"end":{"line":35,"column":1}},"2":{"start":{"line":37,"column":15},"end":{"line":40,"column":1}}},"fnMap":{},"branchMap":{},"s":{"0":1,"1":1,"2":1},"f":{},"b":{},"_coverageSchema":"43e27e138ebf9cfc5966b082cf9a028302ed4184","hash":"6b4ee9dc94e44c8e8744388ffdcccd183fa07f64"}
,"/home/local/GERU/marcelo.pastore/Desktop/PES/reactlist/src/theme/index.js": {"path":"/home/local/GERU/marcelo.pastore/Desktop/PES/reactlist/src/theme/index.js","statementMap":{"0":{"start":{"line":6,"column":31},"end":{"line":9,"column":2}},"1":{"start":{"line":10,"column":27},"end":{"line":13,"column":2}},"2":{"start":{"line":15,"column":20},"end":{"line":21,"column":1}},"3":{"start":{"line":23,"column":17},"end":{"line":32,"column":2}},"4":{"start":{"line":34,"column":18},"end":{"line":45,"column":2}},"5":{"start":{"line":47,"column":19},"end":{"line":52,"column":2}},"6":{"start":{"line":54,"column":14},"end":{"line":61,"column":1}}},"fnMap":{},"branchMap":{},"s":{"0":1,"1":1,"2":1,"3":1,"4":1,"5":1,"6":1},"f":{},"b":{},"_coverageSchema":"43e27e138ebf9cfc5966b082cf9a028302ed4184","hash":"ce7ddfb2e5a6730a6716ba2237b5827196ecf30c"}
}
