TN:
SF:/home/local/GERU/marcelo.pastore/Desktop/PES/reactlist/src/components/FlexBox/Box.jsx
FN:6,(anonymous_0)
FNF:1
FNH:1
FNDA:3,(anonymous_0)
DA:6,1
DA:19,3
DA:35,1
LF:3
LH:3
BRF:0
BRH:0
end_of_record
TN:
SF:/home/local/GERU/marcelo.pastore/Desktop/PES/reactlist/src/components/FlexBox/Flex.jsx
FN:6,(anonymous_0)
FNF:1
FNH:1
FNDA:3,(anonymous_0)
DA:6,1
DA:21,3
DA:39,1
LF:3
LH:3
BRF:0
BRH:0
end_of_record
TN:
SF:/home/local/GERU/marcelo.pastore/Desktop/PES/reactlist/src/components/FlexBox/index.jsx
FNF:0
FNH:0
LF:0
LH:0
BRF:0
BRH:0
end_of_record
TN:
SF:/home/local/GERU/marcelo.pastore/Desktop/PES/reactlist/src/components/FlexBox/styles.js
FN:6,getMaxWidth
FN:15,getMedia
FN:20,(anonymous_2)
FN:38,(anonymous_3)
FN:39,(anonymous_4)
FN:41,(anonymous_5)
FN:54,(anonymous_6)
FN:55,(anonymous_7)
FN:56,(anonymous_8)
FN:57,(anonymous_9)
FN:59,(anonymous_10)
FNF:11
FNH:10
FNDA:6,getMaxWidth
FNDA:42,getMedia
FNDA:0,(anonymous_2)
FNDA:3,(anonymous_3)
FNDA:3,(anonymous_4)
FNDA:3,(anonymous_5)
FNDA:3,(anonymous_6)
FNDA:3,(anonymous_7)
FNDA:3,(anonymous_8)
FNDA:3,(anonymous_9)
FNDA:3,(anonymous_10)
DA:7,6
DA:8,6
DA:10,0
DA:16,42
DA:17,0
DA:19,42
DA:20,0
DA:21,0
DA:22,0
DA:24,0
DA:31,42
DA:34,1
DA:38,3
DA:39,3
DA:41,3
DA:52,1
DA:54,3
DA:55,3
DA:56,3
DA:57,3
DA:59,3
LF:21
LH:15
BRDA:7,0,0,6
BRDA:7,0,1,0
BRDA:10,1,0,0
BRDA:10,1,1,0
BRDA:16,2,0,0
BRDA:16,2,1,42
BRDA:19,3,0,0
BRDA:19,3,1,42
BRDA:21,4,0,0
BRDA:21,4,1,0
BRDA:39,5,0,3
BRDA:39,5,1,3
BRDA:54,6,0,3
BRDA:54,6,1,3
BRDA:57,7,0,3
BRDA:57,7,1,0
BRF:16
BRH:8
end_of_record
TN:
SF:/home/local/GERU/marcelo.pastore/Desktop/PES/reactlist/src/theme/colors.js
FNF:0
FNH:0
DA:3,1
DA:20,1
DA:37,1
LF:3
LH:3
BRF:0
BRH:0
end_of_record
TN:
SF:/home/local/GERU/marcelo.pastore/Desktop/PES/reactlist/src/theme/index.js
FNF:0
FNH:0
DA:6,1
DA:10,1
DA:15,1
DA:23,1
DA:34,1
DA:47,1
DA:54,1
LF:7
LH:7
BRF:0
BRH:0
end_of_record
